<?xml version="1.0" encoding="UTF-8"?>
<coverage generated="1786440607022" clover="3.2.0">
  <project timestamp="1786440607023" name="All files">
    <metrics statements="141" coveredstatements="124" conditionals="113" coveredconditionals="96" methods="30" coveredmethods="29" elements="284" coveredelements="249" complexity="0" loc="141" ncloc="141" packages="1" files="5" classes="5"/>
    <file name="filter.ts" path="/Users/ke/dev/react-typescript-introduction-2/src/utils/filter.ts">
      <metrics statements="37" coveredstatements="37" conditionals="20" coveredconditionals="20" methods="9" coveredmethods="9"/>
      <line num="10" count="1" type="stmt"/>
      <line num="16" count="1" type="stmt"/>
      <line num="17" count="5" type="cond" truecount="2" falsecount="0"/>
      <line num="18" count="1" type="stmt"/>
      <line num="20" count="4" type="cond" truecount="2" falsecount="0"/>
      <line num="21" count="1" type="stmt"/>
      <line num="23" count="3" type="stmt"/>
      <line num="26" count="1" type="stmt"/>
      <line num="30" count="3" type="stmt"/>
      <line num="32" count="3" type="stmt"/>
      <line num="33" count="12" type="cond" truecount="3" falsecount="0"/>
      <line num="35" count="4" type="stmt"/>
      <line num="36" count="4" type="stmt"/>
      <line num="38" count="4" type="stmt"/>
      <line num="40" count="4" type="cond" truecount="2" falsecount="0"/>
      <line num="41" count="2" type="stmt"/>
      <line num="42" count="2" type="stmt"/>
      <line num="45" count="4" type="stmt"/>
      <line num="47" count="4" type="cond" truecount="2" falsecount="0"/>
      <line num="48" count="2" type="stmt"/>
      <line num="49" count="2" type="stmt"/>
      <line num="52" count="4" type="stmt"/>
      <line num="56" count="3" type="stmt"/>
      <line num="59" count="1" type="stmt"/>
      <line num="64" count="26" type="cond" truecount="2" falsecount="0"/>
      <line num="65" count="8" type="stmt"/>
      <line num="68" count="18" type="cond" truecount="3" falsecount="0"/>
      <line num="70" count="12" type="stmt"/>
      <line num="72" count="2" type="cond" truecount="2" falsecount="0"/>
      <line num="74" count="1" type="stmt"/>
      <line num="77" count="4" type="cond" truecount="2" falsecount="0"/>
      <line num="78" count="2" type="stmt"/>
      <line num="83" count="1" type="stmt"/>
      <line num="88" count="5" type="stmt"/>
      <line num="90" count="5" type="stmt"/>
      <line num="91" count="20" type="stmt"/>
      <line num="92" count="26" type="stmt"/>
    </file>
    <file name="listField.ts" path="/Users/ke/dev/react-typescript-introduction-2/src/utils/listField.ts">
      <metrics statements="1" coveredstatements="0" conditionals="0" coveredconditionals="0" methods="1" coveredmethods="0"/>
      <line num="3" count="0" type="stmt"/>
    </file>
    <file name="match.ts" path="/Users/ke/dev/react-typescript-introduction-2/src/utils/match.ts">
      <metrics statements="8" coveredstatements="8" conditionals="6" coveredconditionals="6" methods="6" coveredmethods="6"/>
      <line num="9" count="1" type="stmt"/>
      <line num="13" count="4" type="stmt"/>
      <line num="15" count="12" type="cond" truecount="3" falsecount="0"/>
      <line num="20" count="3" type="stmt"/>
      <line num="23" count="1" type="stmt"/>
      <line num="27" count="2" type="stmt"/>
      <line num="29" count="6" type="cond" truecount="3" falsecount="0"/>
      <line num="34" count="1" type="stmt"/>
    </file>
    <file name="sort.ts" path="/Users/ke/dev/react-typescript-introduction-2/src/utils/sort.ts">
      <metrics statements="12" coveredstatements="12" conditionals="13" coveredconditionals="12" methods="3" coveredmethods="3"/>
      <line num="9" count="1" type="stmt"/>
      <line num="10" count="50" type="cond" truecount="3" falsecount="0"/>
      <line num="12" count="36" type="cond" truecount="2" falsecount="0"/>
      <line num="14" count="2" type="cond" truecount="1" falsecount="1"/>
      <line num="16" count="12" type="cond" truecount="2" falsecount="0"/>
      <line num="20" count="1" type="stmt"/>
      <line num="21" count="6" type="cond" truecount="2" falsecount="0"/>
      <line num="22" count="1" type="stmt"/>
      <line num="25" count="5" type="stmt"/>
      <line num="26" count="5" type="cond" truecount="2" falsecount="0"/>
      <line num="28" count="6" type="stmt"/>
      <line num="29" count="25" type="stmt"/>
    </file>
    <file name="validation.ts" path="/Users/ke/dev/react-typescript-introduction-2/src/utils/validation.ts">
      <metrics statements="83" coveredstatements="67" conditionals="74" coveredconditionals="58" methods="11" coveredmethods="11"/>
      <line num="16" count="1" type="stmt"/>
      <line num="17" count="34" type="cond" truecount="1" falsecount="1"/>
      <line num="18" count="0" type="stmt"/>
      <line num="20" count="34" type="stmt"/>
      <line num="21" count="34" type="cond" truecount="2" falsecount="0"/>
      <line num="24" count="1" type="stmt"/>
      <line num="25" count="26" type="cond" truecount="2" falsecount="0"/>
      <line num="26" count="1" type="stmt"/>
      <line num="28" count="25" type="stmt"/>
      <line num="29" count="25" type="cond" truecount="2" falsecount="0"/>
      <line num="32" count="1" type="stmt"/>
      <line num="33" count="10" type="cond" truecount="1" falsecount="1"/>
      <line num="34" count="0" type="stmt"/>
      <line num="36" count="10" type="stmt"/>
      <line num="37" count="10" type="cond" truecount="3" falsecount="0"/>
      <line num="40" count="1" type="stmt"/>
      <line num="41" count="17" type="stmt"/>
      <line num="43" count="1" type="stmt"/>
      <line num="44" count="18" type="stmt"/>
      <line num="46" count="1" type="stmt"/>
      <line num="50" count="17" type="cond" truecount="2" falsecount="0"/>
      <line num="51" count="1" type="stmt"/>
      <line num="54" count="17" type="cond" truecount="1" falsecount="1"/>
      <line num="55" count="0" type="stmt"/>
      <line num="56" count="17" type="cond" truecount="2" falsecount="0"/>
      <line num="57" count="1" type="stmt"/>
      <line num="60" count="17" type="cond" truecount="1" falsecount="1"/>
      <line num="61" count="0" type="stmt"/>
      <line num="62" count="17" type="cond" truecount="1" falsecount="1"/>
      <line num="63" count="0" type="stmt"/>
      <line num="66" count="17" type="cond" truecount="1" falsecount="1"/>
      <line num="67" count="0" type="stmt"/>
      <line num="68" count="17" type="cond" truecount="1" falsecount="1"/>
      <line num="69" count="0" type="stmt"/>
      <line num="72" count="17" type="cond" truecount="1" falsecount="1"/>
      <line num="73" count="0" type="stmt"/>
      <line num="74" count="17" type="cond" truecount="1" falsecount="1"/>
      <line num="75" count="0" type="stmt"/>
      <line num="78" count="17" type="cond" truecount="2" falsecount="0"/>
      <line num="83" count="1" type="stmt"/>
      <line num="87" count="1" type="stmt"/>
      <line num="91" count="11" type="cond" truecount="1" falsecount="1"/>
      <line num="92" count="0" type="stmt"/>
      <line num="93" count="11" type="cond" truecount="1" falsecount="1"/>
      <line num="94" count="0" type="stmt"/>
      <line num="97" count="11" type="cond" truecount="1" falsecount="1"/>
      <line num="98" count="0" type="stmt"/>
      <line num="99" count="11" type="cond" truecount="2" falsecount="0"/>
      <line num="100" count="1" type="stmt"/>
      <line num="103" count="11" type="cond" truecount="2" falsecount="0"/>
      <line num="104" count="1" type="stmt"/>
      <line num="105" count="10" type="cond" truecount="2" falsecount="0"/>
      <line num="106" count="1" type="stmt"/>
      <line num="109" count="11" type="cond" truecount="2" falsecount="0"/>
      <line num="110" count="1" type="stmt"/>
      <line num="111" count="10" type="cond" truecount="2" falsecount="0"/>
      <line num="112" count="1" type="stmt"/>
      <line num="116" count="1" type="stmt"/>
      <line num="120" count="6" type="cond" truecount="1" falsecount="1"/>
      <line num="121" count="0" type="stmt"/>
      <line num="122" count="6" type="cond" truecount="1" falsecount="1"/>
      <line num="123" count="0" type="stmt"/>
      <line num="126" count="6" type="cond" truecount="2" falsecount="0"/>
      <line num="127" count="1" type="stmt"/>
      <line num="128" count="5" type="cond" truecount="2" falsecount="0"/>
      <line num="129" count="1" type="stmt"/>
      <line num="132" count="6" type="cond" truecount="2" falsecount="0"/>
      <line num="133" count="1" type="stmt"/>
      <line num="134" count="5" type="cond" truecount="1" falsecount="1"/>
      <line num="135" count="0" type="stmt"/>
      <line num="138" count="6" type="cond" truecount="2" falsecount="0"/>
      <line num="139" count="1" type="stmt"/>
      <line num="140" count="5" type="cond" truecount="1" falsecount="1"/>
      <line num="141" count="0" type="stmt"/>
      <line num="142" count="5" type="cond" truecount="2" falsecount="0"/>
      <line num="146" count="1" type="stmt"/>
      <line num="150" count="1" type="stmt"/>
      <line num="151" count="17" type="stmt"/>
      <line num="153" count="17" type="stmt"/>
      <line num="155" count="17" type="cond" truecount="2" falsecount="0"/>
      <line num="156" count="11" type="stmt"/>
      <line num="158" count="6" type="stmt"/>
      <line num="161" count="17" type="stmt"/>
    </file>
  </project>
</coverage>
