{"/Users/ke/dev/react-typescript-introduction-2/src/utils/filter.ts": {"path":"/Users/ke/dev/react-typescript-introduction-2/src/utils/filter.ts","statementMap":{"0":{"start":{"line":10,"column":70},"end":{"line":14,"column":null}},"1":{"start":{"line":16,"column":13},"end":{"line":24,"column":null}},"2":{"start":{"line":17,"column":2},"end":{"line":19,"column":null}},"3":{"start":{"line":18,"column":4},"end":{"line":18,"column":null}},"4":{"start":{"line":20,"column":2},"end":{"line":22,"column":null}},"5":{"start":{"line":21,"column":4},"end":{"line":21,"column":null}},"6":{"start":{"line":23,"column":2},"end":{"line":23,"column":null}},"7":{"start":{"line":26,"column":13},"end":{"line":57,"column":null}},"8":{"start":{"line":30,"column":17},"end":{"line":30,"column":null}},"9":{"start":{"line":32,"column":2},"end":{"line":54,"column":null}},"10":{"start":{"line":33,"column":4},"end":{"line":53,"column":null}},"11":{"start":{"line":35,"column":8},"end":{"line":37,"column":null}},"12":{"start":{"line":36,"column":10},"end":{"line":36,"column":null}},"13":{"start":{"line":38,"column":8},"end":{"line":38,"column":null}},"14":{"start":{"line":40,"column":8},"end":{"line":44,"column":null}},"15":{"start":{"line":41,"column":10},"end":{"line":43,"column":null}},"16":{"start":{"line":42,"column":12},"end":{"line":42,"column":null}},"17":{"start":{"line":45,"column":8},"end":{"line":45,"column":null}},"18":{"start":{"line":47,"column":8},"end":{"line":51,"column":null}},"19":{"start":{"line":48,"column":10},"end":{"line":50,"column":null}},"20":{"start":{"line":49,"column":12},"end":{"line":49,"column":null}},"21":{"start":{"line":52,"column":8},"end":{"line":52,"column":null}},"22":{"start":{"line":56,"column":2},"end":{"line":56,"column":null}},"23":{"start":{"line":59,"column":6},"end":{"line":81,"column":null}},"24":{"start":{"line":64,"column":2},"end":{"line":66,"column":null}},"25":{"start":{"line":65,"column":4},"end":{"line":65,"column":null}},"26":{"start":{"line":68,"column":2},"end":{"line":80,"column":null}},"27":{"start":{"line":70,"column":6},"end":{"line":70,"column":null}},"28":{"start":{"line":70,"column":42},"end":{"line":70,"column":66}},"29":{"start":{"line":72,"column":6},"end":{"line":74,"column":null}},"30":{"start":{"line":74,"column":39},"end":{"line":74,"column":62}},"31":{"start":{"line":77,"column":6},"end":{"line":78,"column":null}},"32":{"start":{"line":78,"column":55},"end":{"line":78,"column":78}},"33":{"start":{"line":83,"column":13},"end":{"line":95,"column":null}},"34":{"start":{"line":88,"column":21},"end":{"line":88,"column":null}},"35":{"start":{"line":90,"column":2},"end":{"line":94,"column":null}},"36":{"start":{"line":91,"column":4},"end":{"line":93,"column":null}},"37":{"start":{"line":92,"column":6},"end":{"line":92,"column":null}}},"fnMap":{"0":{"name":"(anonymous_0)","decl":{"start":{"line":16,"column":13},"end":{"line":16,"column":42}},"loc":{"start":{"line":16,"column":79},"end":{"line":24,"column":null}},"line":16},"1":{"name":"(anonymous_1)","decl":{"start":{"line":26,"column":13},"end":{"line":26,"column":null}},"loc":{"start":{"line":29,"column":15},"end":{"line":57,"column":null}},"line":29},"2":{"name":"(anonymous_2)","decl":{"start":{"line":59,"column":6},"end":{"line":59,"column":null}},"loc":{"start":{"line":63,"column":14},"end":{"line":81,"column":null}},"line":63},"3":{"name":"(anonymous_3)","decl":{"start":{"line":70,"column":26},"end":{"line":70,"column":32}},"loc":{"start":{"line":70,"column":42},"end":{"line":70,"column":66}},"line":70},"4":{"name":"(anonymous_4)","decl":{"start":{"line":74,"column":24},"end":{"line":74,"column":30}},"loc":{"start":{"line":74,"column":39},"end":{"line":74,"column":62}},"line":74},"5":{"name":"(anonymous_5)","decl":{"start":{"line":78,"column":40},"end":{"line":78,"column":46}},"loc":{"start":{"line":78,"column":55},"end":{"line":78,"column":78}},"line":78},"6":{"name":"(anonymous_6)","decl":{"start":{"line":83,"column":13},"end":{"line":83,"column":null}},"loc":{"start":{"line":87,"column":13},"end":{"line":95,"column":null}},"line":87},"7":{"name":"(anonymous_7)","decl":{"start":{"line":90,"column":15},"end":{"line":90,"column":23}},"loc":{"start":{"line":91,"column":4},"end":{"line":93,"column":null}},"line":91},"8":{"name":"(anonymous_8)","decl":{"start":{"line":91,"column":15},"end":{"line":91,"column":22}},"loc":{"start":{"line":92,"column":6},"end":{"line":92,"column":null}},"line":92}},"branchMap":{"0":{"loc":{"start":{"line":17,"column":2},"end":{"line":19,"column":null}},"type":"if","locations":[{"start":{"line":17,"column":2},"end":{"line":19,"column":null}},{"start":{},"end":{}}],"line":17},"1":{"loc":{"start":{"line":20,"column":2},"end":{"line":22,"column":null}},"type":"if","locations":[{"start":{"line":20,"column":2},"end":{"line":22,"column":null}},{"start":{},"end":{}}],"line":20},"2":{"loc":{"start":{"line":33,"column":4},"end":{"line":53,"column":null}},"type":"switch","locations":[{"start":{"line":34,"column":6},"end":{"line":38,"column":null}},{"start":{"line":39,"column":6},"end":{"line":45,"column":null}},{"start":{"line":46,"column":6},"end":{"line":52,"column":null}}],"line":33},"3":{"loc":{"start":{"line":40,"column":8},"end":{"line":44,"column":null}},"type":"if","locations":[{"start":{"line":40,"column":8},"end":{"line":44,"column":null}},{"start":{},"end":{}}],"line":40},"4":{"loc":{"start":{"line":47,"column":8},"end":{"line":51,"column":null}},"type":"if","locations":[{"start":{"line":47,"column":8},"end":{"line":51,"column":null}},{"start":{},"end":{}}],"line":47},"5":{"loc":{"start":{"line":64,"column":2},"end":{"line":66,"column":null}},"type":"if","locations":[{"start":{"line":64,"column":2},"end":{"line":66,"column":null}},{"start":{},"end":{}}],"line":64},"6":{"loc":{"start":{"line":68,"column":2},"end":{"line":80,"column":null}},"type":"switch","locations":[{"start":{"line":69,"column":4},"end":{"line":70,"column":null}},{"start":{"line":71,"column":4},"end":{"line":74,"column":null}},{"start":{"line":76,"column":4},"end":{"line":78,"column":null}}],"line":68},"7":{"loc":{"start":{"line":72,"column":6},"end":{"line":74,"column":null}},"type":"binary-expr","locations":[{"start":{"line":72,"column":6},"end":{"line":73,"column":null}},{"start":{"line":74,"column":8},"end":{"line":74,"column":null}}],"line":72},"8":{"loc":{"start":{"line":77,"column":6},"end":{"line":78,"column":null}},"type":"binary-expr","locations":[{"start":{"line":77,"column":6},"end":{"line":78,"column":26}},{"start":{"line":78,"column":26},"end":{"line":78,"column":null}}],"line":77}},"s":{"0":1,"1":1,"2":5,"3":1,"4":4,"5":1,"6":3,"7":1,"8":3,"9":3,"10":12,"11":4,"12":4,"13":4,"14":4,"15":2,"16":2,"17":4,"18":4,"19":2,"20":2,"21":4,"22":3,"23":1,"24":26,"25":8,"26":18,"27":12,"28":12,"29":2,"30":1,"31":4,"32":2,"33":1,"34":5,"35":5,"36":20,"37":26},"f":{"0":5,"1":3,"2":26,"3":12,"4":1,"5":2,"6":5,"7":20,"8":26},"b":{"0":[1,4],"1":[1,3],"2":[4,4,4],"3":[2,2],"4":[2,2],"5":[8,18],"6":[12,2,4],"7":[2,1],"8":[4,2]},"meta":{"lastBranch":9,"lastFunction":9,"lastStatement":38,"seen":{"s:10:70:14:Infinity":0,"s:16:13:24:Infinity":1,"f:16:13:16:42":0,"b:17:2:19:Infinity:undefined:undefined:undefined:undefined":0,"s:17:2:19:Infinity":2,"s:18:4:18:Infinity":3,"b:20:2:22:Infinity:undefined:undefined:undefined:undefined":1,"s:20:2:22:Infinity":4,"s:21:4:21:Infinity":5,"s:23:2:23:Infinity":6,"s:26:13:57:Infinity":7,"f:26:13:26:Infinity":1,"s:30:17:30:Infinity":8,"s:32:2:54:Infinity":9,"b:34:6:38:Infinity:39:6:45:Infinity:46:6:52:Infinity":2,"s:33:4:53:Infinity":10,"s:35:8:37:Infinity":11,"s:36:10:36:Infinity":12,"s:38:8:38:Infinity":13,"b:40:8:44:Infinity:undefined:undefined:undefined:undefined":3,"s:40:8:44:Infinity":14,"s:41:10:43:Infinity":15,"s:42:12:42:Infinity":16,"s:45:8:45:Infinity":17,"b:47:8:51:Infinity:undefined:undefined:undefined:undefined":4,"s:47:8:51:Infinity":18,"s:48:10:50:Infinity":19,"s:49:12:49:Infinity":20,"s:52:8:52:Infinity":21,"s:56:2:56:Infinity":22,"s:59:6:81:Infinity":23,"f:59:6:59:Infinity":2,"b:64:2:66:Infinity:undefined:undefined:undefined:undefined":5,"s:64:2:66:Infinity":24,"s:65:4:65:Infinity":25,"b:69:4:70:Infinity:71:4:74:Infinity:76:4:78:Infinity":6,"s:68:2:80:Infinity":26,"s:70:6:70:Infinity":27,"f:70:26:70:32":3,"s:70:42:70:66":28,"s:72:6:74:Infinity":29,"b:72:6:73:Infinity:74:8:74:Infinity":7,"f:74:24:74:30":4,"s:74:39:74:62":30,"s:77:6:78:Infinity":31,"b:77:6:78:26:78:26:78:Infinity":8,"f:78:40:78:46":5,"s:78:55:78:78":32,"s:83:13:95:Infinity":33,"f:83:13:83:Infinity":6,"s:88:21:88:Infinity":34,"s:90:2:94:Infinity":35,"f:90:15:90:23":7,"s:91:4:93:Infinity":36,"f:91:15:91:22":8,"s:92:6:92:Infinity":37},"fnNames":{}}}
,"/Users/ke/dev/react-typescript-introduction-2/src/utils/listField.ts": {"path":"/Users/ke/dev/react-typescript-introduction-2/src/utils/listField.ts","statementMap":{"0":{"start":{"line":3,"column":13},"end":{"line":6,"column":null}},"1":{"start":{"line":3,"column":52},"end":{"line":6,"column":null}}},"fnMap":{"0":{"name":"(anonymous_0)","decl":{"start":{"line":3,"column":13},"end":{"line":3,"column":52}},"loc":{"start":{"line":3,"column":52},"end":{"line":6,"column":null}},"line":3}},"branchMap":{},"s":{"0":0,"1":0},"f":{"0":0},"b":{},"meta":{"lastBranch":0,"lastFunction":1,"lastStatement":2,"seen":{"s:3:13:6:Infinity":0,"f:3:13:3:52":0,"s:3:52:6:Infinity":1},"fnNames":{}}}
,"/Users/ke/dev/react-typescript-introduction-2/src/utils/match.ts": {"path":"/Users/ke/dev/react-typescript-introduction-2/src/utils/match.ts","statementMap":{"0":{"start":{"line":9,"column":13},"end":{"line":21,"column":null}},"1":{"start":{"line":13,"column":2},"end":{"line":20,"column":null}},"2":{"start":{"line":15,"column":7},"end":{"line":18,"column":null}},"3":{"start":{"line":20,"column":21},"end":{"line":20,"column":32}},"4":{"start":{"line":23,"column":13},"end":{"line":35,"column":null}},"5":{"start":{"line":27,"column":2},"end":{"line":34,"column":null}},"6":{"start":{"line":29,"column":7},"end":{"line":32,"column":null}},"7":{"start":{"line":34,"column":22},"end":{"line":34,"column":34}}},"fnMap":{"0":{"name":"(anonymous_0)","decl":{"start":{"line":9,"column":13},"end":{"line":9,"column":null}},"loc":{"start":{"line":12,"column":15},"end":{"line":21,"column":null}},"line":12},"1":{"name":"(anonymous_1)","decl":{"start":{"line":14,"column":5},"end":{"line":14,"column":null}},"loc":{"start":{"line":15,"column":7},"end":{"line":18,"column":null}},"line":15},"2":{"name":"(anonymous_2)","decl":{"start":{"line":20,"column":5},"end":{"line":20,"column":10}},"loc":{"start":{"line":20,"column":21},"end":{"line":20,"column":32}},"line":20},"3":{"name":"(anonymous_3)","decl":{"start":{"line":23,"column":13},"end":{"line":23,"column":null}},"loc":{"start":{"line":26,"column":15},"end":{"line":35,"column":null}},"line":26},"4":{"name":"(anonymous_4)","decl":{"start":{"line":28,"column":5},"end":{"line":28,"column":null}},"loc":{"start":{"line":29,"column":7},"end":{"line":32,"column":null}},"line":29},"5":{"name":"(anonymous_5)","decl":{"start":{"line":34,"column":5},"end":{"line":34,"column":10}},"loc":{"start":{"line":34,"column":22},"end":{"line":34,"column":34}},"line":34}},"branchMap":{"0":{"loc":{"start":{"line":15,"column":7},"end":{"line":18,"column":null}},"type":"binary-expr","locations":[{"start":{"line":15,"column":7},"end":{"line":16,"column":null}},{"start":{"line":17,"column":8},"end":{"line":17,"column":null}},{"start":{"line":18,"column":8},"end":{"line":18,"column":null}}],"line":15},"1":{"loc":{"start":{"line":29,"column":7},"end":{"line":32,"column":null}},"type":"binary-expr","locations":[{"start":{"line":29,"column":7},"end":{"line":30,"column":null}},{"start":{"line":31,"column":8},"end":{"line":31,"column":null}},{"start":{"line":32,"column":8},"end":{"line":32,"column":null}}],"line":29}},"s":{"0":1,"1":4,"2":12,"3":3,"4":1,"5":2,"6":6,"7":1},"f":{"0":4,"1":12,"2":3,"3":2,"4":6,"5":1},"b":{"0":[12,8,5],"1":[6,2,1]},"meta":{"lastBranch":2,"lastFunction":6,"lastStatement":8,"seen":{"s:9:13:21:Infinity":0,"f:9:13:9:Infinity":0,"s:13:2:20:Infinity":1,"f:14:5:14:Infinity":1,"s:15:7:18:Infinity":2,"b:15:7:16:Infinity:17:8:17:Infinity:18:8:18:Infinity":0,"f:20:5:20:10":2,"s:20:21:20:32":3,"s:23:13:35:Infinity":4,"f:23:13:23:Infinity":3,"s:27:2:34:Infinity":5,"f:28:5:28:Infinity":4,"s:29:7:32:Infinity":6,"b:29:7:30:Infinity:31:8:31:Infinity:32:8:32:Infinity":1,"f:34:5:34:10":5,"s:34:22:34:34":7},"fnNames":{}}}
,"/Users/ke/dev/react-typescript-introduction-2/src/utils/sort.ts": {"path":"/Users/ke/dev/react-typescript-introduction-2/src/utils/sort.ts","statementMap":{"0":{"start":{"line":9,"column":6},"end":{"line":18,"column":null}},"1":{"start":{"line":10,"column":2},"end":{"line":17,"column":null}},"2":{"start":{"line":12,"column":6},"end":{"line":12,"column":null}},"3":{"start":{"line":14,"column":6},"end":{"line":14,"column":null}},"4":{"start":{"line":16,"column":6},"end":{"line":16,"column":null}},"5":{"start":{"line":20,"column":13},"end":{"line":32,"column":null}},"6":{"start":{"line":21,"column":2},"end":{"line":23,"column":null}},"7":{"start":{"line":22,"column":4},"end":{"line":22,"column":null}},"8":{"start":{"line":25,"column":29},"end":{"line":25,"column":null}},"9":{"start":{"line":26,"column":21},"end":{"line":26,"column":null}},"10":{"start":{"line":28,"column":2},"end":{"line":31,"column":null}},"11":{"start":{"line":29,"column":8},"end":{"line":30,"column":null}}},"fnMap":{"0":{"name":"(anonymous_0)","decl":{"start":{"line":9,"column":6},"end":{"line":9,"column":29}},"loc":{"start":{"line":9,"column":66},"end":{"line":18,"column":null}},"line":9},"1":{"name":"(anonymous_1)","decl":{"start":{"line":20,"column":13},"end":{"line":20,"column":26}},"loc":{"start":{"line":20,"column":74},"end":{"line":32,"column":null}},"line":20},"2":{"name":"(anonymous_2)","decl":{"start":{"line":28,"column":20},"end":{"line":28,"column":null}},"loc":{"start":{"line":29,"column":8},"end":{"line":30,"column":null}},"line":29}},"branchMap":{"0":{"loc":{"start":{"line":10,"column":2},"end":{"line":17,"column":null}},"type":"switch","locations":[{"start":{"line":11,"column":4},"end":{"line":12,"column":null}},{"start":{"line":13,"column":4},"end":{"line":14,"column":null}},{"start":{"line":15,"column":4},"end":{"line":16,"column":null}}],"line":10},"1":{"loc":{"start":{"line":12,"column":6},"end":{"line":12,"column":null}},"type":"cond-expr","locations":[{"start":{"line":12,"column":31},"end":{"line":12,"column":51}},{"start":{"line":12,"column":51},"end":{"line":12,"column":null}}],"line":12},"2":{"loc":{"start":{"line":14,"column":6},"end":{"line":14,"column":null}},"type":"cond-expr","locations":[{"start":{"line":14,"column":31},"end":{"line":14,"column":44}},{"start":{"line":14,"column":44},"end":{"line":14,"column":null}}],"line":14},"3":{"loc":{"start":{"line":16,"column":6},"end":{"line":16,"column":null}},"type":"cond-expr","locations":[{"start":{"line":16,"column":30},"end":{"line":16,"column":52}},{"start":{"line":16,"column":52},"end":{"line":16,"column":null}}],"line":16},"4":{"loc":{"start":{"line":21,"column":2},"end":{"line":23,"column":null}},"type":"if","locations":[{"start":{"line":21,"column":2},"end":{"line":23,"column":null}},{"start":{},"end":{}}],"line":21},"5":{"loc":{"start":{"line":26,"column":21},"end":{"line":26,"column":null}},"type":"cond-expr","locations":[{"start":{"line":26,"column":43},"end":{"line":26,"column":47}},{"start":{"line":26,"column":47},"end":{"line":26,"column":null}}],"line":26}},"s":{"0":1,"1":50,"2":36,"3":2,"4":12,"5":1,"6":6,"7":1,"8":5,"9":5,"10":6,"11":25},"f":{"0":50,"1":6,"2":25},"b":{"0":[36,2,12],"1":[18,18],"2":[2,0],"3":[6,6],"4":[1,5],"5":[4,1]},"meta":{"lastBranch":6,"lastFunction":3,"lastStatement":12,"seen":{"s:9:6:18:Infinity":0,"f:9:6:9:29":0,"b:11:4:12:Infinity:13:4:14:Infinity:15:4:16:Infinity":0,"s:10:2:17:Infinity":1,"s:12:6:12:Infinity":2,"b:12:31:12:51:12:51:12:Infinity":1,"s:14:6:14:Infinity":3,"b:14:31:14:44:14:44:14:Infinity":2,"s:16:6:16:Infinity":4,"b:16:30:16:52:16:52:16:Infinity":3,"s:20:13:32:Infinity":5,"f:20:13:20:26":1,"b:21:2:23:Infinity:undefined:undefined:undefined:undefined":4,"s:21:2:23:Infinity":6,"s:22:4:22:Infinity":7,"s:25:29:25:Infinity":8,"s:26:21:26:Infinity":9,"b:26:43:26:47:26:47:26:Infinity":5,"s:28:2:31:Infinity":10,"f:28:20:28:Infinity":2,"s:29:8:30:Infinity":11},"fnNames":{}}}
,"/Users/ke/dev/react-typescript-introduction-2/src/utils/validation.ts": {"path":"/Users/ke/dev/react-typescript-introduction-2/src/utils/validation.ts","statementMap":{"0":{"start":{"line":16,"column":6},"end":{"line":22,"column":null}},"1":{"start":{"line":17,"column":2},"end":{"line":19,"column":null}},"2":{"start":{"line":18,"column":4},"end":{"line":18,"column":null}},"3":{"start":{"line":20,"column":14},"end":{"line":20,"column":null}},"4":{"start":{"line":21,"column":2},"end":{"line":21,"column":null}},"5":{"start":{"line":24,"column":6},"end":{"line":30,"column":null}},"6":{"start":{"line":25,"column":2},"end":{"line":27,"column":null}},"7":{"start":{"line":26,"column":4},"end":{"line":26,"column":null}},"8":{"start":{"line":28,"column":14},"end":{"line":28,"column":null}},"9":{"start":{"line":29,"column":2},"end":{"line":29,"column":null}},"10":{"start":{"line":32,"column":6},"end":{"line":38,"column":null}},"11":{"start":{"line":33,"column":2},"end":{"line":35,"column":null}},"12":{"start":{"line":34,"column":4},"end":{"line":34,"column":null}},"13":{"start":{"line":36,"column":14},"end":{"line":36,"column":null}},"14":{"start":{"line":37,"column":2},"end":{"line":37,"column":null}},"15":{"start":{"line":40,"column":6},"end":{"line":41,"column":null}},"16":{"start":{"line":41,"column":2},"end":{"line":41,"column":null}},"17":{"start":{"line":41,"column":23},"end":{"line":41,"column":40}},"18":{"start":{"line":43,"column":6},"end":{"line":44,"column":null}},"19":{"start":{"line":44,"column":2},"end":{"line":44,"column":null}},"20":{"start":{"line":44,"column":23},"end":{"line":44,"column":40}},"21":{"start":{"line":46,"column":6},"end":{"line":85,"column":null}},"22":{"start":{"line":50,"column":2},"end":{"line":52,"column":null}},"23":{"start":{"line":51,"column":4},"end":{"line":51,"column":null}},"24":{"start":{"line":54,"column":2},"end":{"line":58,"column":null}},"25":{"start":{"line":55,"column":4},"end":{"line":55,"column":null}},"26":{"start":{"line":56,"column":9},"end":{"line":58,"column":null}},"27":{"start":{"line":57,"column":4},"end":{"line":57,"column":null}},"28":{"start":{"line":60,"column":2},"end":{"line":64,"column":null}},"29":{"start":{"line":61,"column":4},"end":{"line":61,"column":null}},"30":{"start":{"line":62,"column":9},"end":{"line":64,"column":null}},"31":{"start":{"line":63,"column":4},"end":{"line":63,"column":null}},"32":{"start":{"line":66,"column":2},"end":{"line":70,"column":null}},"33":{"start":{"line":67,"column":4},"end":{"line":67,"column":null}},"34":{"start":{"line":68,"column":9},"end":{"line":70,"column":null}},"35":{"start":{"line":69,"column":4},"end":{"line":69,"column":null}},"36":{"start":{"line":72,"column":2},"end":{"line":76,"column":null}},"37":{"start":{"line":73,"column":4},"end":{"line":73,"column":null}},"38":{"start":{"line":74,"column":9},"end":{"line":76,"column":null}},"39":{"start":{"line":75,"column":4},"end":{"line":75,"column":null}},"40":{"start":{"line":78,"column":2},"end":{"line":84,"column":null}},"41":{"start":{"line":83,"column":4},"end":{"line":83,"column":null}},"42":{"start":{"line":87,"column":6},"end":{"line":114,"column":null}},"43":{"start":{"line":91,"column":2},"end":{"line":95,"column":null}},"44":{"start":{"line":92,"column":4},"end":{"line":92,"column":null}},"45":{"start":{"line":93,"column":9},"end":{"line":95,"column":null}},"46":{"start":{"line":94,"column":4},"end":{"line":94,"column":null}},"47":{"start":{"line":97,"column":2},"end":{"line":101,"column":null}},"48":{"start":{"line":98,"column":4},"end":{"line":98,"column":null}},"49":{"start":{"line":99,"column":9},"end":{"line":101,"column":null}},"50":{"start":{"line":100,"column":4},"end":{"line":100,"column":null}},"51":{"start":{"line":103,"column":2},"end":{"line":107,"column":null}},"52":{"start":{"line":104,"column":4},"end":{"line":104,"column":null}},"53":{"start":{"line":105,"column":9},"end":{"line":107,"column":null}},"54":{"start":{"line":106,"column":4},"end":{"line":106,"column":null}},"55":{"start":{"line":109,"column":2},"end":{"line":113,"column":null}},"56":{"start":{"line":110,"column":4},"end":{"line":110,"column":null}},"57":{"start":{"line":111,"column":9},"end":{"line":113,"column":null}},"58":{"start":{"line":112,"column":4},"end":{"line":112,"column":null}},"59":{"start":{"line":116,"column":6},"end":{"line":148,"column":null}},"60":{"start":{"line":120,"column":2},"end":{"line":124,"column":null}},"61":{"start":{"line":121,"column":4},"end":{"line":121,"column":null}},"62":{"start":{"line":122,"column":9},"end":{"line":124,"column":null}},"63":{"start":{"line":123,"column":4},"end":{"line":123,"column":null}},"64":{"start":{"line":126,"column":2},"end":{"line":130,"column":null}},"65":{"start":{"line":127,"column":4},"end":{"line":127,"column":null}},"66":{"start":{"line":128,"column":9},"end":{"line":130,"column":null}},"67":{"start":{"line":129,"column":4},"end":{"line":129,"column":null}},"68":{"start":{"line":132,"column":2},"end":{"line":136,"column":null}},"69":{"start":{"line":133,"column":4},"end":{"line":133,"column":null}},"70":{"start":{"line":134,"column":9},"end":{"line":136,"column":null}},"71":{"start":{"line":135,"column":4},"end":{"line":135,"column":null}},"72":{"start":{"line":138,"column":2},"end":{"line":147,"column":null}},"73":{"start":{"line":139,"column":4},"end":{"line":139,"column":null}},"74":{"start":{"line":140,"column":9},"end":{"line":147,"column":null}},"75":{"start":{"line":141,"column":4},"end":{"line":141,"column":null}},"76":{"start":{"line":142,"column":9},"end":{"line":147,"column":null}},"77":{"start":{"line":146,"column":4},"end":{"line":146,"column":null}},"78":{"start":{"line":150,"column":13},"end":{"line":162,"column":null}},"79":{"start":{"line":151,"column":33},"end":{"line":151,"column":null}},"80":{"start":{"line":153,"column":2},"end":{"line":153,"column":null}},"81":{"start":{"line":155,"column":2},"end":{"line":159,"column":null}},"82":{"start":{"line":156,"column":4},"end":{"line":156,"column":null}},"83":{"start":{"line":158,"column":4},"end":{"line":158,"column":null}},"84":{"start":{"line":161,"column":2},"end":{"line":161,"column":null}}},"fnMap":{"0":{"name":"(anonymous_0)","decl":{"start":{"line":16,"column":6},"end":{"line":16,"column":30}},"loc":{"start":{"line":16,"column":57},"end":{"line":22,"column":null}},"line":16},"1":{"name":"(anonymous_1)","decl":{"start":{"line":24,"column":6},"end":{"line":24,"column":27}},"loc":{"start":{"line":24,"column":54},"end":{"line":30,"column":null}},"line":24},"2":{"name":"(anonymous_2)","decl":{"start":{"line":32,"column":6},"end":{"line":32,"column":24}},"loc":{"start":{"line":32,"column":51},"end":{"line":38,"column":null}},"line":32},"3":{"name":"(anonymous_3)","decl":{"start":{"line":40,"column":6},"end":{"line":40,"column":26}},"loc":{"start":{"line":41,"column":2},"end":{"line":41,"column":null}},"line":41},"4":{"name":"(anonymous_4)","decl":{"start":{"line":41,"column":8},"end":{"line":41,"column":14}},"loc":{"start":{"line":41,"column":23},"end":{"line":41,"column":40}},"line":41},"5":{"name":"(anonymous_5)","decl":{"start":{"line":43,"column":6},"end":{"line":43,"column":29}},"loc":{"start":{"line":44,"column":2},"end":{"line":44,"column":null}},"line":44},"6":{"name":"(anonymous_6)","decl":{"start":{"line":44,"column":8},"end":{"line":44,"column":14}},"loc":{"start":{"line":44,"column":23},"end":{"line":44,"column":40}},"line":44},"7":{"name":"(anonymous_7)","decl":{"start":{"line":46,"column":6},"end":{"line":46,"column":null}},"loc":{"start":{"line":49,"column":11},"end":{"line":85,"column":null}},"line":49},"8":{"name":"(anonymous_8)","decl":{"start":{"line":87,"column":6},"end":{"line":87,"column":null}},"loc":{"start":{"line":90,"column":11},"end":{"line":114,"column":null}},"line":90},"9":{"name":"(anonymous_9)","decl":{"start":{"line":116,"column":6},"end":{"line":116,"column":null}},"loc":{"start":{"line":119,"column":11},"end":{"line":148,"column":null}},"line":119},"10":{"name":"(anonymous_10)","decl":{"start":{"line":150,"column":13},"end":{"line":150,"column":33}},"loc":{"start":{"line":150,"column":73},"end":{"line":162,"column":null}},"line":150}},"branchMap":{"0":{"loc":{"start":{"line":17,"column":2},"end":{"line":19,"column":null}},"type":"if","locations":[{"start":{"line":17,"column":2},"end":{"line":19,"column":null}},{"start":{},"end":{}}],"line":17},"1":{"loc":{"start":{"line":21,"column":9},"end":{"line":21,"column":null}},"type":"binary-expr","locations":[{"start":{"line":21,"column":9},"end":{"line":21,"column":34}},{"start":{"line":21,"column":34},"end":{"line":21,"column":null}}],"line":21},"2":{"loc":{"start":{"line":25,"column":2},"end":{"line":27,"column":null}},"type":"if","locations":[{"start":{"line":25,"column":2},"end":{"line":27,"column":null}},{"start":{},"end":{}}],"line":25},"3":{"loc":{"start":{"line":29,"column":9},"end":{"line":29,"column":null}},"type":"binary-expr","locations":[{"start":{"line":29,"column":9},"end":{"line":29,"column":34}},{"start":{"line":29,"column":34},"end":{"line":29,"column":null}}],"line":29},"4":{"loc":{"start":{"line":33,"column":2},"end":{"line":35,"column":null}},"type":"if","locations":[{"start":{"line":33,"column":2},"end":{"line":35,"column":null}},{"start":{},"end":{}}],"line":33},"5":{"loc":{"start":{"line":37,"column":9},"end":{"line":37,"column":null}},"type":"binary-expr","locations":[{"start":{"line":37,"column":9},"end":{"line":37,"column":34}},{"start":{"line":37,"column":34},"end":{"line":37,"column":46}},{"start":{"line":37,"column":46},"end":{"line":37,"column":null}}],"line":37},"6":{"loc":{"start":{"line":50,"column":2},"end":{"line":52,"column":null}},"type":"if","locations":[{"start":{"line":50,"column":2},"end":{"line":52,"column":null}},{"start":{},"end":{}}],"line":50},"7":{"loc":{"start":{"line":54,"column":2},"end":{"line":58,"column":null}},"type":"if","locations":[{"start":{"line":54,"column":2},"end":{"line":58,"column":null}},{"start":{"line":56,"column":9},"end":{"line":58,"column":null}}],"line":54},"8":{"loc":{"start":{"line":56,"column":9},"end":{"line":58,"column":null}},"type":"if","locations":[{"start":{"line":56,"column":9},"end":{"line":58,"column":null}},{"start":{},"end":{}}],"line":56},"9":{"loc":{"start":{"line":60,"column":2},"end":{"line":64,"column":null}},"type":"if","locations":[{"start":{"line":60,"column":2},"end":{"line":64,"column":null}},{"start":{"line":62,"column":9},"end":{"line":64,"column":null}}],"line":60},"10":{"loc":{"start":{"line":62,"column":9},"end":{"line":64,"column":null}},"type":"if","locations":[{"start":{"line":62,"column":9},"end":{"line":64,"column":null}},{"start":{},"end":{}}],"line":62},"11":{"loc":{"start":{"line":66,"column":2},"end":{"line":70,"column":null}},"type":"if","locations":[{"start":{"line":66,"column":2},"end":{"line":70,"column":null}},{"start":{"line":68,"column":9},"end":{"line":70,"column":null}}],"line":66},"12":{"loc":{"start":{"line":68,"column":9},"end":{"line":70,"column":null}},"type":"if","locations":[{"start":{"line":68,"column":9},"end":{"line":70,"column":null}},{"start":{},"end":{}}],"line":68},"13":{"loc":{"start":{"line":72,"column":2},"end":{"line":76,"column":null}},"type":"if","locations":[{"start":{"line":72,"column":2},"end":{"line":76,"column":null}},{"start":{"line":74,"column":9},"end":{"line":76,"column":null}}],"line":72},"14":{"loc":{"start":{"line":74,"column":9},"end":{"line":76,"column":null}},"type":"if","locations":[{"start":{"line":74,"column":9},"end":{"line":76,"column":null}},{"start":{},"end":{}}],"line":74},"15":{"loc":{"start":{"line":78,"column":2},"end":{"line":84,"column":null}},"type":"if","locations":[{"start":{"line":78,"column":2},"end":{"line":84,"column":null}},{"start":{},"end":{}}],"line":78},"16":{"loc":{"start":{"line":79,"column":4},"end":{"line":81,"column":null}},"type":"binary-expr","locations":[{"start":{"line":79,"column":4},"end":{"line":79,"column":null}},{"start":{"line":80,"column":4},"end":{"line":80,"column":null}},{"start":{"line":81,"column":4},"end":{"line":81,"column":null}}],"line":79},"17":{"loc":{"start":{"line":91,"column":2},"end":{"line":95,"column":null}},"type":"if","locations":[{"start":{"line":91,"column":2},"end":{"line":95,"column":null}},{"start":{"line":93,"column":9},"end":{"line":95,"column":null}}],"line":91},"18":{"loc":{"start":{"line":93,"column":9},"end":{"line":95,"column":null}},"type":"if","locations":[{"start":{"line":93,"column":9},"end":{"line":95,"column":null}},{"start":{},"end":{}}],"line":93},"19":{"loc":{"start":{"line":97,"column":2},"end":{"line":101,"column":null}},"type":"if","locations":[{"start":{"line":97,"column":2},"end":{"line":101,"column":null}},{"start":{"line":99,"column":9},"end":{"line":101,"column":null}}],"line":97},"20":{"loc":{"start":{"line":99,"column":9},"end":{"line":101,"column":null}},"type":"if","locations":[{"start":{"line":99,"column":9},"end":{"line":101,"column":null}},{"start":{},"end":{}}],"line":99},"21":{"loc":{"start":{"line":103,"column":2},"end":{"line":107,"column":null}},"type":"if","locations":[{"start":{"line":103,"column":2},"end":{"line":107,"column":null}},{"start":{"line":105,"column":9},"end":{"line":107,"column":null}}],"line":103},"22":{"loc":{"start":{"line":105,"column":9},"end":{"line":107,"column":null}},"type":"if","locations":[{"start":{"line":105,"column":9},"end":{"line":107,"column":null}},{"start":{},"end":{}}],"line":105},"23":{"loc":{"start":{"line":109,"column":2},"end":{"line":113,"column":null}},"type":"if","locations":[{"start":{"line":109,"column":2},"end":{"line":113,"column":null}},{"start":{"line":111,"column":9},"end":{"line":113,"column":null}}],"line":109},"24":{"loc":{"start":{"line":111,"column":9},"end":{"line":113,"column":null}},"type":"if","locations":[{"start":{"line":111,"column":9},"end":{"line":113,"column":null}},{"start":{},"end":{}}],"line":111},"25":{"loc":{"start":{"line":120,"column":2},"end":{"line":124,"column":null}},"type":"if","locations":[{"start":{"line":120,"column":2},"end":{"line":124,"column":null}},{"start":{"line":122,"column":9},"end":{"line":124,"column":null}}],"line":120},"26":{"loc":{"start":{"line":122,"column":9},"end":{"line":124,"column":null}},"type":"if","locations":[{"start":{"line":122,"column":9},"end":{"line":124,"column":null}},{"start":{},"end":{}}],"line":122},"27":{"loc":{"start":{"line":126,"column":2},"end":{"line":130,"column":null}},"type":"if","locations":[{"start":{"line":126,"column":2},"end":{"line":130,"column":null}},{"start":{"line":128,"column":9},"end":{"line":130,"column":null}}],"line":126},"28":{"loc":{"start":{"line":128,"column":9},"end":{"line":130,"column":null}},"type":"if","locations":[{"start":{"line":128,"column":9},"end":{"line":130,"column":null}},{"start":{},"end":{}}],"line":128},"29":{"loc":{"start":{"line":132,"column":2},"end":{"line":136,"column":null}},"type":"if","locations":[{"start":{"line":132,"column":2},"end":{"line":136,"column":null}},{"start":{"line":134,"column":9},"end":{"line":136,"column":null}}],"line":132},"30":{"loc":{"start":{"line":134,"column":9},"end":{"line":136,"column":null}},"type":"if","locations":[{"start":{"line":134,"column":9},"end":{"line":136,"column":null}},{"start":{},"end":{}}],"line":134},"31":{"loc":{"start":{"line":138,"column":2},"end":{"line":147,"column":null}},"type":"if","locations":[{"start":{"line":138,"column":2},"end":{"line":147,"column":null}},{"start":{"line":140,"column":9},"end":{"line":147,"column":null}}],"line":138},"32":{"loc":{"start":{"line":140,"column":9},"end":{"line":147,"column":null}},"type":"if","locations":[{"start":{"line":140,"column":9},"end":{"line":147,"column":null}},{"start":{"line":142,"column":9},"end":{"line":147,"column":null}}],"line":140},"33":{"loc":{"start":{"line":142,"column":9},"end":{"line":147,"column":null}},"type":"if","locations":[{"start":{"line":142,"column":9},"end":{"line":147,"column":null}},{"start":{},"end":{}}],"line":142},"34":{"loc":{"start":{"line":143,"column":4},"end":{"line":144,"column":null}},"type":"binary-expr","locations":[{"start":{"line":143,"column":4},"end":{"line":143,"column":null}},{"start":{"line":144,"column":4},"end":{"line":144,"column":null}}],"line":143},"35":{"loc":{"start":{"line":155,"column":2},"end":{"line":159,"column":null}},"type":"if","locations":[{"start":{"line":155,"column":2},"end":{"line":159,"column":null}},{"start":{"line":157,"column":9},"end":{"line":159,"column":null}}],"line":155}},"s":{"0":1,"1":34,"2":0,"3":34,"4":34,"5":1,"6":26,"7":1,"8":25,"9":25,"10":1,"11":10,"12":0,"13":10,"14":10,"15":1,"16":15,"17":17,"18":1,"19":17,"20":18,"21":1,"22":17,"23":1,"24":17,"25":0,"26":17,"27":1,"28":17,"29":0,"30":17,"31":0,"32":17,"33":0,"34":17,"35":0,"36":17,"37":0,"38":17,"39":0,"40":17,"41":1,"42":1,"43":11,"44":0,"45":11,"46":0,"47":11,"48":0,"49":11,"50":1,"51":11,"52":1,"53":10,"54":1,"55":11,"56":1,"57":10,"58":1,"59":1,"60":6,"61":0,"62":6,"63":0,"64":6,"65":1,"66":5,"67":1,"68":6,"69":1,"70":5,"71":0,"72":6,"73":1,"74":5,"75":0,"76":5,"77":1,"78":1,"79":17,"80":17,"81":17,"82":11,"83":6,"84":17},"f":{"0":34,"1":26,"2":10,"3":15,"4":17,"5":17,"6":18,"7":17,"8":11,"9":6,"10":17},"b":{"0":[0,34],"1":[34,34],"2":[1,25],"3":[25,25],"4":[0,10],"5":[10,10,10],"6":[1,16],"7":[0,17],"8":[1,16],"9":[0,17],"10":[0,17],"11":[0,17],"12":[0,17],"13":[0,17],"14":[0,17],"15":[1,16],"16":[17,1,1],"17":[0,11],"18":[0,11],"19":[0,11],"20":[1,10],"21":[1,10],"22":[1,9],"23":[1,10],"24":[1,9],"25":[0,6],"26":[0,6],"27":[1,5],"28":[1,4],"29":[1,5],"30":[0,5],"31":[1,5],"32":[0,5],"33":[1,4],"34":[5,4],"35":[11,6]},"meta":{"lastBranch":36,"lastFunction":11,"lastStatement":85,"seen":{"s:16:6:22:Infinity":0,"f:16:6:16:30":0,"b:17:2:19:Infinity:undefined:undefined:undefined:undefined":0,"s:17:2:19:Infinity":1,"s:18:4:18:Infinity":2,"s:20:14:20:Infinity":3,"s:21:2:21:Infinity":4,"b:21:9:21:34:21:34:21:Infinity":1,"s:24:6:30:Infinity":5,"f:24:6:24:27":1,"b:25:2:27:Infinity:undefined:undefined:undefined:undefined":2,"s:25:2:27:Infinity":6,"s:26:4:26:Infinity":7,"s:28:14:28:Infinity":8,"s:29:2:29:Infinity":9,"b:29:9:29:34:29:34:29:Infinity":3,"s:32:6:38:Infinity":10,"f:32:6:32:24":2,"b:33:2:35:Infinity:undefined:undefined:undefined:undefined":4,"s:33:2:35:Infinity":11,"s:34:4:34:Infinity":12,"s:36:14:36:Infinity":13,"s:37:2:37:Infinity":14,"b:37:9:37:34:37:34:37:46:37:46:37:Infinity":5,"s:40:6:41:Infinity":15,"f:40:6:40:26":3,"s:41:2:41:Infinity":16,"f:41:8:41:14":4,"s:41:23:41:40":17,"s:43:6:44:Infinity":18,"f:43:6:43:29":5,"s:44:2:44:Infinity":19,"f:44:8:44:14":6,"s:44:23:44:40":20,"s:46:6:85:Infinity":21,"f:46:6:46:Infinity":7,"b:50:2:52:Infinity:undefined:undefined:undefined:undefined":6,"s:50:2:52:Infinity":22,"s:51:4:51:Infinity":23,"b:54:2:58:Infinity:56:9:58:Infinity":7,"s:54:2:58:Infinity":24,"s:55:4:55:Infinity":25,"b:56:9:58:Infinity:undefined:undefined:undefined:undefined":8,"s:56:9:58:Infinity":26,"s:57:4:57:Infinity":27,"b:60:2:64:Infinity:62:9:64:Infinity":9,"s:60:2:64:Infinity":28,"s:61:4:61:Infinity":29,"b:62:9:64:Infinity:undefined:undefined:undefined:undefined":10,"s:62:9:64:Infinity":30,"s:63:4:63:Infinity":31,"b:66:2:70:Infinity:68:9:70:Infinity":11,"s:66:2:70:Infinity":32,"s:67:4:67:Infinity":33,"b:68:9:70:Infinity:undefined:undefined:undefined:undefined":12,"s:68:9:70:Infinity":34,"s:69:4:69:Infinity":35,"b:72:2:76:Infinity:74:9:76:Infinity":13,"s:72:2:76:Infinity":36,"s:73:4:73:Infinity":37,"b:74:9:76:Infinity:undefined:undefined:undefined:undefined":14,"s:74:9:76:Infinity":38,"s:75:4:75:Infinity":39,"b:78:2:84:Infinity:undefined:undefined:undefined:undefined":15,"s:78:2:84:Infinity":40,"b:79:4:79:Infinity:80:4:80:Infinity:81:4:81:Infinity":16,"s:83:4:83:Infinity":41,"s:87:6:114:Infinity":42,"f:87:6:87:Infinity":8,"b:91:2:95:Infinity:93:9:95:Infinity":17,"s:91:2:95:Infinity":43,"s:92:4:92:Infinity":44,"b:93:9:95:Infinity:undefined:undefined:undefined:undefined":18,"s:93:9:95:Infinity":45,"s:94:4:94:Infinity":46,"b:97:2:101:Infinity:99:9:101:Infinity":19,"s:97:2:101:Infinity":47,"s:98:4:98:Infinity":48,"b:99:9:101:Infinity:undefined:undefined:undefined:undefined":20,"s:99:9:101:Infinity":49,"s:100:4:100:Infinity":50,"b:103:2:107:Infinity:105:9:107:Infinity":21,"s:103:2:107:Infinity":51,"s:104:4:104:Infinity":52,"b:105:9:107:Infinity:undefined:undefined:undefined:undefined":22,"s:105:9:107:Infinity":53,"s:106:4:106:Infinity":54,"b:109:2:113:Infinity:111:9:113:Infinity":23,"s:109:2:113:Infinity":55,"s:110:4:110:Infinity":56,"b:111:9:113:Infinity:undefined:undefined:undefined:undefined":24,"s:111:9:113:Infinity":57,"s:112:4:112:Infinity":58,"s:116:6:148:Infinity":59,"f:116:6:116:Infinity":9,"b:120:2:124:Infinity:122:9:124:Infinity":25,"s:120:2:124:Infinity":60,"s:121:4:121:Infinity":61,"b:122:9:124:Infinity:undefined:undefined:undefined:undefined":26,"s:122:9:124:Infinity":62,"s:123:4:123:Infinity":63,"b:126:2:130:Infinity:128:9:130:Infinity":27,"s:126:2:130:Infinity":64,"s:127:4:127:Infinity":65,"b:128:9:130:Infinity:undefined:undefined:undefined:undefined":28,"s:128:9:130:Infinity":66,"s:129:4:129:Infinity":67,"b:132:2:136:Infinity:134:9:136:Infinity":29,"s:132:2:136:Infinity":68,"s:133:4:133:Infinity":69,"b:134:9:136:Infinity:undefined:undefined:undefined:undefined":30,"s:134:9:136:Infinity":70,"s:135:4:135:Infinity":71,"b:138:2:147:Infinity:140:9:147:Infinity":31,"s:138:2:147:Infinity":72,"s:139:4:139:Infinity":73,"b:140:9:147:Infinity:142:9:147:Infinity":32,"s:140:9:147:Infinity":74,"s:141:4:141:Infinity":75,"b:142:9:147:Infinity:undefined:undefined:undefined:undefined":33,"s:142:9:147:Infinity":76,"b:143:4:143:Infinity:144:4:144:Infinity":34,"s:146:4:146:Infinity":77,"s:150:13:162:Infinity":78,"f:150:13:150:33":10,"s:151:33:151:Infinity":79,"s:153:2:153:Infinity":80,"b:155:2:159:Infinity:157:9:159:Infinity":35,"s:155:2:159:Infinity":81,"s:156:4:156:Infinity":82,"s:158:4:158:Infinity":83,"s:161:2:161:Infinity":84},"fnNames":{}}}
}
